Flow report for lab8_usb
Wed Mar 18 00:18:56 2015
Quartus II 64-Bit Version 14.1.0 Build 186 12/03/2014 SJ Web Edition


---------------------
; Table of Contents ;
---------------------
  1. Legal Notice
  2. Flow Summary
  3. Flow Settings
  4. Flow Non-Default Global Settings
  5. Flow Elapsed Time
  6. Flow OS Summary
  7. Flow Log
  8. Flow Messages
  9. Flow Suppressed Messages



----------------
; Legal Notice ;
----------------
Copyright (C) 1991-2014 Altera Corporation. All rights reserved.
Your use of Altera Corporation's design tools, logic functions 
and other software and tools, and its AMPP partner logic 
functions, and any output files from any of the foregoing 
(including device programming or simulation files), and any 
associated documentation or information are expressly subject 
to the terms and conditions of the Altera Program License 
Subscription Agreement, the Altera Quartus II License Agreement,
the Altera MegaCore Function License Agreement, or other 
applicable license agreement, including, without limitation, 
that your use is for the sole purpose of programming logic 
devices manufactured by Altera and sold by Altera or its 
authorized distributors.  Please refer to the applicable 
agreement for further details.



+---------------------------------------------------------------------------------+
; Flow Summary                                                                    ;
+------------------------------------+--------------------------------------------+
; Flow Status                        ; Successful - Wed Mar 18 00:18:56 2015      ;
; Quartus II 64-Bit Version          ; 14.1.0 Build 186 12/03/2014 SJ Web Edition ;
; Revision Name                      ; lab8_usb                                   ;
; Top-level Entity Name              ; lab8_usb                                   ;
; Family                             ; Cyclone IV E                               ;
; Device                             ; EP4CE115F29C7                              ;
; Timing Models                      ; Final                                      ;
; Total logic elements               ; 3,421 / 114,480 ( 3 % )                    ;
;     Total combinational functions  ; 2,690 / 114,480 ( 2 % )                    ;
;     Dedicated logic registers      ; 2,415 / 114,480 ( 2 % )                    ;
; Total registers                    ; 2534                                       ;
; Total pins                         ; 194 / 529 ( 37 % )                         ;
; Total virtual pins                 ; 0                                          ;
; Total memory bits                  ; 16,000 / 3,981,312 ( < 1 % )               ;
; Embedded Multiplier 9-bit elements ; 0 / 532 ( 0 % )                            ;
; Total PLLs                         ; 1 / 4 ( 25 % )                             ;
+------------------------------------+--------------------------------------------+


+-----------------------------------------+
; Flow Settings                           ;
+-------------------+---------------------+
; Option            ; Setting             ;
+-------------------+---------------------+
; Start date & time ; 03/18/2015 00:17:02 ;
; Main task         ; Compilation         ;
; Revision Name     ; lab8_usb            ;
+-------------------+---------------------+


+---------------------------------------------------------------------------------------------------------------------------------------------------+
; Flow Non-Default Global Settings                                                                                                                  ;
+-------------------------------------+--------------------------------------------------------------+---------------+-------------+----------------+
; Assignment Name                     ; Value                                                        ; Default Value ; Entity Name ; Section Id     ;
+-------------------------------------+--------------------------------------------------------------+---------------+-------------+----------------+
; COMPILER_SIGNATURE_ID               ; 70465359187031.142665582207720                               ; --            ; --          ; --             ;
; EDA_OUTPUT_DATA_FORMAT              ; Systemverilog Hdl                                            ; --            ; --          ; eda_simulation ;
; EDA_SIMULATION_TOOL                 ; ModelSim-Altera (SystemVerilog)                              ; <None>        ; --          ; --             ;
; MAX_CORE_JUNCTION_TEMP              ; 85                                                           ; --            ; --          ; --             ;
; MIN_CORE_JUNCTION_TEMP              ; 0                                                            ; --            ; --          ; --             ;
; MISC_FILE                           ; usb_system/synthesis/../usb_system.cmp                       ; --            ; --          ; --             ;
; MISC_FILE                           ; usb_system/synthesis/../../usb_system.qsys                   ; --            ; --          ; --             ;
; PARTITION_COLOR                     ; 16764057                                                     ; --            ; --          ; Top            ;
; PARTITION_FITTER_PRESERVATION_LEVEL ; PLACEMENT_AND_ROUTING                                        ; --            ; --          ; Top            ;
; PARTITION_NETLIST_TYPE              ; SOURCE                                                       ; --            ; --          ; Top            ;
; POWER_BOARD_THERMAL_MODEL           ; None (CONSERVATIVE)                                          ; --            ; --          ; --             ;
; POWER_PRESET_COOLING_SOLUTION       ; 23 MM HEAT SINK WITH 200 LFPM AIRFLOW                        ; --            ; --          ; --             ;
; PROJECT_OUTPUT_DIRECTORY            ; output_files                                                 ; --            ; --          ; --             ;
; SLD_FILE                            ; usb_system/synthesis/usb_system.regmap                       ; --            ; --          ; --             ;
; SLD_FILE                            ; usb_system/synthesis/usb_system.debuginfo                    ; --            ; --          ; --             ;
; SLD_INFO                            ; QSYS_NAME usb_system HAS_SOPCINFO 1 GENERATION_ID 1412186228 ; --            ; usb_system  ; --             ;
; SOPCINFO_FILE                       ; usb_system/synthesis/../../usb_system.sopcinfo               ; --            ; --          ; --             ;
; SYNTHESIS_ONLY_QIP                  ; On                                                           ; --            ; --          ; --             ;
; VERILOG_INPUT_VERSION               ; SystemVerilog_2005                                           ; Verilog_2001  ; --          ; --             ;
; VERILOG_SHOW_LMF_MAPPING_MESSAGES   ; Off                                                          ; --            ; --          ; --             ;
+-------------------------------------+--------------------------------------------------------------+---------------+-------------+----------------+


+-------------------------------------------------------------------------------------------------------------------------------+
; Flow Elapsed Time                                                                                                             ;
+---------------------------+--------------+-------------------------+---------------------+------------------------------------+
; Module Name               ; Elapsed Time ; Average Processors Used ; Peak Virtual Memory ; Total CPU Time (on all processors) ;
+---------------------------+--------------+-------------------------+---------------------+------------------------------------+
; Analysis & Synthesis      ; 00:00:52     ; 1.0                     ; 834 MB              ; 00:01:21                           ;
; Fitter                    ; 00:00:35     ; 1.7                     ; 1751 MB             ; 00:00:53                           ;
; Assembler                 ; 00:00:06     ; 1.0                     ; 600 MB              ; 00:00:06                           ;
; TimeQuest Timing Analyzer ; 00:00:05     ; 1.0                     ; 811 MB              ; 00:00:06                           ;
; EDA Netlist Writer        ; 00:00:06     ; 1.0                     ; 610 MB              ; 00:00:06                           ;
; Total                     ; 00:01:44     ; --                      ; --                  ; 00:02:32                           ;
+---------------------------+--------------+-------------------------+---------------------+------------------------------------+


+----------------------------------------------------------------------------------------+
; Flow OS Summary                                                                        ;
+---------------------------+------------------+-----------+------------+----------------+
; Module Name               ; Machine Hostname ; OS Name   ; OS Version ; Processor type ;
+---------------------------+------------------+-----------+------------+----------------+
; Analysis & Synthesis      ; Jawanga          ; Windows 7 ; 6.2        ; x86_64         ;
; Fitter                    ; Jawanga          ; Windows 7 ; 6.2        ; x86_64         ;
; Assembler                 ; Jawanga          ; Windows 7 ; 6.2        ; x86_64         ;
; TimeQuest Timing Analyzer ; Jawanga          ; Windows 7 ; 6.2        ; x86_64         ;
; EDA Netlist Writer        ; Jawanga          ; Windows 7 ; 6.2        ; x86_64         ;
+---------------------------+------------------+-----------+------------+----------------+


------------
; Flow Log ;
------------
quartus_map --read_settings_files=on --write_settings_files=off lab8_usb -c lab8_usb
quartus_fit --read_settings_files=off --write_settings_files=off lab8_usb -c lab8_usb
quartus_asm --read_settings_files=off --write_settings_files=off lab8_usb -c lab8_usb
quartus_sta lab8_usb -c lab8_usb
quartus_eda --read_settings_files=off --write_settings_files=off lab8_usb -c lab8_usb



